{
"c:\\Users\\TinLVV\\documents\\dev\\FE\\angular2blog\\src\\app\\test\\1st.spec.js":{"path":"c:\\Users\\TinLVV\\documents\\dev\\FE\\angular2blog\\src\\app\\test\\1st.spec.js","s":{"1":1,"2":1,"3":1,"4":1,"5":1,"6":1,"7":1,"8":1},"b":{"1":[1,1]},"f":{"1":1,"2":1,"3":1,"4":1,"5":1},"fnMap":{"1":{"name":"(anonymous_1)","line":1,"loc":{"start":{"line":1,"column":38},"end":{"line":1,"column":69}}},"2":{"name":"(anonymous_2)","line":7,"loc":{"start":{"line":7,"column":12},"end":{"line":7,"column":35}}},"3":{"name":"(anonymous_3)","line":10,"loc":{"start":{"line":10,"column":17},"end":{"line":10,"column":28}}},"4":{"name":"(anonymous_4)","line":11,"loc":{"start":{"line":11,"column":47},"end":{"line":11,"column":59}}},"5":{"name":"(anonymous_5)","line":12,"loc":{"start":{"line":12,"column":46},"end":{"line":12,"column":58}}}},"statementMap":{"1":{"start":{"line":1,"column":0},"end":{"line":18,"column":3}},"2":{"start":{"line":3,"column":4},"end":{"line":3,"column":49}},"3":{"start":{"line":4,"column":4},"end":{"line":4,"column":18}},"4":{"start":{"line":5,"column":4},"end":{"line":17,"column":5}},"5":{"start":{"line":8,"column":16},"end":{"line":8,"column":40}},"6":{"start":{"line":11,"column":12},"end":{"line":15,"column":15}},"7":{"start":{"line":12,"column":16},"end":{"line":14,"column":19}},"8":{"start":{"line":13,"column":20},"end":{"line":13,"column":51}}},"branchMap":{"1":{"line":3,"type":"binary-expr","locations":[{"start":{"line":3,"column":23},"end":{"line":3,"column":32}},{"start":{"line":3,"column":36},"end":{"line":3,"column":48}}]}},"l":{"1":1,"3":1,"4":1,"5":1,"8":1,"11":1,"12":1,"13":1}},
"c:\\Users\\TinLVV\\documents\\dev\\FE\\angular2blog\\src\\app\\test\\post.service.spec.js":{"path":"c:\\Users\\TinLVV\\documents\\dev\\FE\\angular2blog\\src\\app\\test\\post.service.spec.js","s":{"1":1,"2":1,"3":1,"4":1,"5":1,"6":1,"7":1,"8":1,"9":2,"10":1,"11":1,"12":1,"13":0,"14":1,"15":1,"16":1},"b":{"1":[1,1]},"f":{"1":1,"2":1,"3":1,"4":1,"5":1,"6":2,"7":1,"8":1,"9":1,"10":0,"11":1,"12":1},"fnMap":{"1":{"name":"(anonymous_1)","line":1,"loc":{"start":{"line":1,"column":125},"end":{"line":1,"column":156}}},"2":{"name":"(anonymous_2)","line":7,"loc":{"start":{"line":7,"column":12},"end":{"line":7,"column":32}}},"3":{"name":"(anonymous_3)","line":10,"loc":{"start":{"line":10,"column":12},"end":{"line":10,"column":35}}},"4":{"name":"(anonymous_4)","line":13,"loc":{"start":{"line":13,"column":12},"end":{"line":13,"column":32}}},"5":{"name":"(anonymous_5)","line":16,"loc":{"start":{"line":16,"column":12},"end":{"line":16,"column":35}}},"6":{"name":"(anonymous_6)","line":19,"loc":{"start":{"line":19,"column":12},"end":{"line":19,"column":40}}},"7":{"name":"(anonymous_7)","line":22,"loc":{"start":{"line":22,"column":17},"end":{"line":22,"column":28}}},"8":{"name":"(anonymous_8)","line":23,"loc":{"start":{"line":23,"column":47},"end":{"line":23,"column":59}}},"9":{"name":"(anonymous_9)","line":24,"loc":{"start":{"line":24,"column":46},"end":{"line":24,"column":58}}},"10":{"name":"(anonymous_10)","line":28,"loc":{"start":{"line":28,"column":36},"end":{"line":28,"column":71}}},"11":{"name":"(anonymous_11)","line":35,"loc":{"start":{"line":35,"column":110},"end":{"line":35,"column":129}}},"12":{"name":"(anonymous_12)","line":37,"loc":{"start":{"line":37,"column":30},"end":{"line":37,"column":45}}}},"statementMap":{"1":{"start":{"line":1,"column":0},"end":{"line":44,"column":3}},"2":{"start":{"line":3,"column":4},"end":{"line":3,"column":49}},"3":{"start":{"line":4,"column":4},"end":{"line":4,"column":61}},"4":{"start":{"line":5,"column":4},"end":{"line":43,"column":5}},"5":{"start":{"line":8,"column":16},"end":{"line":8,"column":34}},"6":{"start":{"line":11,"column":16},"end":{"line":11,"column":40}},"7":{"start":{"line":14,"column":16},"end":{"line":14,"column":34}},"8":{"start":{"line":17,"column":16},"end":{"line":17,"column":40}},"9":{"start":{"line":20,"column":16},"end":{"line":20,"column":50}},"10":{"start":{"line":23,"column":12},"end":{"line":41,"column":15}},"11":{"start":{"line":24,"column":16},"end":{"line":34,"column":22}},"12":{"start":{"line":24,"column":60},"end":{"line":34,"column":18}},"13":{"start":{"line":29,"column":28},"end":{"line":29,"column":76}},"14":{"start":{"line":35,"column":16},"end":{"line":40,"column":20}},"15":{"start":{"line":36,"column":20},"end":{"line":39,"column":23}},"16":{"start":{"line":38,"column":24},"end":{"line":38,"column":73}}},"branchMap":{"1":{"line":3,"type":"binary-expr","locations":[{"start":{"line":3,"column":23},"end":{"line":3,"column":32}},{"start":{"line":3,"column":36},"end":{"line":3,"column":48}}]}},"l":{"1":1,"3":1,"4":1,"5":1,"8":1,"11":1,"14":1,"17":1,"20":2,"23":1,"24":1,"29":0,"35":1,"36":1,"38":1}},
"c:\\Users\\TinLVV\\documents\\dev\\FE\\angular2blog\\src\\app\\services\\post.service.js":{"path":"c:\\Users\\TinLVV\\documents\\dev\\FE\\angular2blog\\src\\app\\services\\post.service.js","s":{"1":1,"2":1,"3":1,"4":1,"5":1,"6":1,"7":0,"8":0,"9":0,"10":1,"11":1,"12":1,"13":1,"14":1,"15":1,"16":1,"17":1,"18":2,"19":1,"20":1,"21":1,"22":1,"23":1,"24":1,"25":1},"b":{"1":[1,1],"2":[1,1,1],"3":[1,0],"4":[0,0],"5":[1,0],"6":[1,1],"7":[0,0],"8":[0,0],"9":[0,0],"10":[0,0],"11":[1,0,0],"12":[1,1,1],"13":[1,0],"14":[1,1]},"f":{"1":1,"2":1,"3":1,"4":1,"5":2,"6":1,"7":1,"8":1,"9":1},"fnMap":{"1":{"name":"(anonymous_1)","line":1,"loc":{"start":{"line":1,"column":63},"end":{"line":1,"column":94}}},"2":{"name":"(anonymous_2)","line":4,"loc":{"start":{"line":4,"column":50},"end":{"line":4,"column":91}}},"3":{"name":"(anonymous_3)","line":10,"loc":{"start":{"line":10,"column":50},"end":{"line":10,"column":66}}},"4":{"name":"(anonymous_4)","line":17,"loc":{"start":{"line":17,"column":12},"end":{"line":17,"column":32}}},"5":{"name":"(anonymous_5)","line":20,"loc":{"start":{"line":20,"column":12},"end":{"line":20,"column":38}}},"6":{"name":"(anonymous_6)","line":23,"loc":{"start":{"line":23,"column":17},"end":{"line":23,"column":28}}},"7":{"name":"(anonymous_7)","line":24,"loc":{"start":{"line":24,"column":27},"end":{"line":24,"column":39}}},"8":{"name":"PostService","line":25,"loc":{"start":{"line":25,"column":16},"end":{"line":25,"column":39}}},"9":{"name":"(anonymous_9)","line":28,"loc":{"start":{"line":28,"column":49},"end":{"line":28,"column":61}}}},"statementMap":{"1":{"start":{"line":1,"column":0},"end":{"line":41,"column":3}},"2":{"start":{"line":3,"column":4},"end":{"line":3,"column":49}},"3":{"start":{"line":4,"column":4},"end":{"line":9,"column":6}},"4":{"start":{"line":5,"column":8},"end":{"line":5,"column":133}},"5":{"start":{"line":6,"column":8},"end":{"line":7,"column":154}},"6":{"start":{"line":6,"column":83},"end":{"line":6,"column":135}},"7":{"start":{"line":7,"column":13},"end":{"line":7,"column":154}},"8":{"start":{"line":7,"column":62},"end":{"line":7,"column":154}},"9":{"start":{"line":7,"column":85},"end":{"line":7,"column":154}},"10":{"start":{"line":8,"column":8},"end":{"line":8,"column":70}},"11":{"start":{"line":10,"column":4},"end":{"line":12,"column":6}},"12":{"start":{"line":11,"column":8},"end":{"line":11,"column":113}},"13":{"start":{"line":11,"column":83},"end":{"line":11,"column":113}},"14":{"start":{"line":13,"column":4},"end":{"line":13,"column":29}},"15":{"start":{"line":14,"column":4},"end":{"line":14,"column":20}},"16":{"start":{"line":15,"column":4},"end":{"line":40,"column":5}},"17":{"start":{"line":18,"column":16},"end":{"line":18,"column":34}},"18":{"start":{"line":21,"column":16},"end":{"line":21,"column":46}},"19":{"start":{"line":24,"column":12},"end":{"line":37,"column":17}},"20":{"start":{"line":25,"column":16},"end":{"line":26,"column":17}},"21":{"start":{"line":28,"column":16},"end":{"line":30,"column":18}},"22":{"start":{"line":29,"column":20},"end":{"line":29,"column":63}},"23":{"start":{"line":32,"column":16},"end":{"line":35,"column":32}},"24":{"start":{"line":36,"column":16},"end":{"line":36,"column":35}},"25":{"start":{"line":38,"column":12},"end":{"line":38,"column":50}}},"branchMap":{"1":{"line":3,"type":"binary-expr","locations":[{"start":{"line":3,"column":23},"end":{"line":3,"column":32}},{"start":{"line":3,"column":36},"end":{"line":3,"column":48}}]},"2":{"line":4,"type":"binary-expr","locations":[{"start":{"line":4,"column":22},"end":{"line":4,"column":26}},{"start":{"line":4,"column":30},"end":{"line":4,"column":45}},{"start":{"line":4,"column":50},"end":{"line":9,"column":5}}]},"3":{"line":5,"type":"cond-expr","locations":[{"start":{"line":5,"column":46},"end":{"line":5,"column":52}},{"start":{"line":5,"column":55},"end":{"line":5,"column":129}}]},"4":{"line":5,"type":"cond-expr","locations":[{"start":{"line":5,"column":71},"end":{"line":5,"column":122}},{"start":{"line":5,"column":125},"end":{"line":5,"column":129}}]},"5":{"line":6,"type":"if","locations":[{"start":{"line":6,"column":8},"end":{"line":6,"column":8}},{"start":{"line":6,"column":8},"end":{"line":6,"column":8}}]},"6":{"line":6,"type":"binary-expr","locations":[{"start":{"line":6,"column":12},"end":{"line":6,"column":39}},{"start":{"line":6,"column":43},"end":{"line":6,"column":81}}]},"7":{"line":7,"type":"if","locations":[{"start":{"line":7,"column":62},"end":{"line":7,"column":62}},{"start":{"line":7,"column":62},"end":{"line":7,"column":62}}]},"8":{"line":7,"type":"binary-expr","locations":[{"start":{"line":7,"column":90},"end":{"line":7,"column":147}},{"start":{"line":7,"column":152},"end":{"line":7,"column":153}}]},"9":{"line":7,"type":"cond-expr","locations":[{"start":{"line":7,"column":98},"end":{"line":7,"column":102}},{"start":{"line":7,"column":105},"end":{"line":7,"column":147}}]},"10":{"line":7,"type":"cond-expr","locations":[{"start":{"line":7,"column":113},"end":{"line":7,"column":130}},{"start":{"line":7,"column":133},"end":{"line":7,"column":147}}]},"11":{"line":8,"type":"binary-expr","locations":[{"start":{"line":8,"column":15},"end":{"line":8,"column":20}},{"start":{"line":8,"column":24},"end":{"line":8,"column":25}},{"start":{"line":8,"column":29},"end":{"line":8,"column":66}}]},"12":{"line":10,"type":"binary-expr","locations":[{"start":{"line":10,"column":22},"end":{"line":10,"column":26}},{"start":{"line":10,"column":30},"end":{"line":10,"column":45}},{"start":{"line":10,"column":50},"end":{"line":12,"column":5}}]},"13":{"line":11,"type":"if","locations":[{"start":{"line":11,"column":8},"end":{"line":11,"column":8}},{"start":{"line":11,"column":8},"end":{"line":11,"column":8}}]},"14":{"line":11,"type":"binary-expr","locations":[{"start":{"line":11,"column":12},"end":{"line":11,"column":39}},{"start":{"line":11,"column":43},"end":{"line":11,"column":81}}]}},"l":{"1":1,"3":1,"4":1,"5":1,"6":1,"7":0,"8":1,"10":1,"11":1,"13":1,"14":1,"15":1,"18":1,"21":2,"24":1,"25":1,"28":1,"29":1,"32":1,"36":1,"38":1}},
"c:\\Users\\TinLVV\\documents\\dev\\FE\\angular2blog\\src\\app\\data\\mocks\\mock-posts.js":{"path":"c:\\Users\\TinLVV\\documents\\dev\\FE\\angular2blog\\src\\app\\data\\mocks\\mock-posts.js","s":{"1":1,"2":1,"3":1,"4":1,"5":1},"b":{"1":[1,1]},"f":{"1":1,"2":1},"fnMap":{"1":{"name":"(anonymous_1)","line":1,"loc":{"start":{"line":1,"column":20},"end":{"line":1,"column":51}}},"2":{"name":"(anonymous_2)","line":7,"loc":{"start":{"line":7,"column":17},"end":{"line":7,"column":28}}}},"statementMap":{"1":{"start":{"line":1,"column":0},"end":{"line":34,"column":3}},"2":{"start":{"line":3,"column":4},"end":{"line":3,"column":49}},"3":{"start":{"line":4,"column":4},"end":{"line":4,"column":14}},"4":{"start":{"line":5,"column":4},"end":{"line":33,"column":5}},"5":{"start":{"line":8,"column":12},"end":{"line":31,"column":636}}},"branchMap":{"1":{"line":3,"type":"binary-expr","locations":[{"start":{"line":3,"column":23},"end":{"line":3,"column":32}},{"start":{"line":3,"column":36},"end":{"line":3,"column":48}}]}},"l":{"1":1,"3":1,"4":1,"5":1,"8":1}}}
